n011.hpc
Thu Mar  5 09:28:48 PM KST 2026
Removing mkl version 2023.1.0
Use `module list` to view any remaining dependent modules.
Removing compiler version 2023.1.0
Use `module list` to view any remaining dependent modules.
  Load "debugger" to debug DPC++ applications with the gdb-oneapi debugger.
  Load "dpl" for additional DPC++ APIs: https://github.com/oneapi-src/oneDPL
Removing oclfpga version 2023.1.0
Use `module list` to view any remaining dependent modules.
Removing compiler-rt version 2023.1.0
Use `module list` to view any remaining dependent modules.

============================================================
Extracting Equiformer latent vectors
Model: eqV2_31M_omat
Adsorbate: O
============================================================

Loading task list from: /DATA/user_scratch/pn50212/2024/12_AtomAttention/datasets/25Cao/O adsorption.json
Total structures: 4084

Initializing Equiformer extractor...
Failed for eqV2_31M_omat with O: Failed to load Equiformer model: No module named 'fairchem.core.common.relaxation'

============================================================
Extracting Equiformer latent vectors
Model: eqV2_31M_omat
Adsorbate: OH
============================================================

Loading task list from: /DATA/user_scratch/pn50212/2024/12_AtomAttention/datasets/25Cao/OH adsorption.json
Total structures: 4084

Initializing Equiformer extractor...
Failed for eqV2_31M_omat with OH: Failed to load Equiformer model: No module named 'fairchem.core.common.relaxation'

============================================================
Extracting Equiformer latent vectors
Model: eqV2_86M_omat
Adsorbate: O
============================================================

Loading task list from: /DATA/user_scratch/pn50212/2024/12_AtomAttention/datasets/25Cao/O adsorption.json
Total structures: 4084

Initializing Equiformer extractor...
Failed for eqV2_86M_omat with O: Failed to load Equiformer model: No module named 'fairchem.core.common.relaxation'

============================================================
Extracting Equiformer latent vectors
Model: eqV2_86M_omat
Adsorbate: OH
============================================================

Loading task list from: /DATA/user_scratch/pn50212/2024/12_AtomAttention/datasets/25Cao/OH adsorption.json
Total structures: 4084

Initializing Equiformer extractor...
Failed for eqV2_86M_omat with OH: Failed to load Equiformer model: No module named 'fairchem.core.common.relaxation'

============================================================
Extracting Equiformer latent vectors
Model: eqV2_153M_omat
Adsorbate: O
============================================================

Loading task list from: /DATA/user_scratch/pn50212/2024/12_AtomAttention/datasets/25Cao/O adsorption.json
Total structures: 4084

Initializing Equiformer extractor...
Failed for eqV2_153M_omat with O: Failed to load Equiformer model: No module named 'fairchem.core.common.relaxation'

============================================================
Extracting Equiformer latent vectors
Model: eqV2_153M_omat
Adsorbate: OH
============================================================

Loading task list from: /DATA/user_scratch/pn50212/2024/12_AtomAttention/datasets/25Cao/OH adsorption.json
Total structures: 4084

Initializing Equiformer extractor...
Failed for eqV2_153M_omat with OH: Failed to load Equiformer model: No module named 'fairchem.core.common.relaxation'

============================================================
Extracting Equiformer latent vectors
Model: eqV2_31M_omat_mp_salex
Adsorbate: O
============================================================

Loading task list from: /DATA/user_scratch/pn50212/2024/12_AtomAttention/datasets/25Cao/O adsorption.json
Total structures: 4084

Initializing Equiformer extractor...
Failed for eqV2_31M_omat_mp_salex with O: Failed to load Equiformer model: No module named 'fairchem.core.common.relaxation'

============================================================
Extracting Equiformer latent vectors
Model: eqV2_31M_omat_mp_salex
Adsorbate: OH
============================================================

Loading task list from: /DATA/user_scratch/pn50212/2024/12_AtomAttention/datasets/25Cao/OH adsorption.json
Total structures: 4084

Initializing Equiformer extractor...
Failed for eqV2_31M_omat_mp_salex with OH: Failed to load Equiformer model: No module named 'fairchem.core.common.relaxation'

============================================================
Extracting Equiformer latent vectors
Model: eqV2_86M_omat_mp_salex
Adsorbate: O
============================================================

Loading task list from: /DATA/user_scratch/pn50212/2024/12_AtomAttention/datasets/25Cao/O adsorption.json
Total structures: 4084

Initializing Equiformer extractor...
Failed for eqV2_86M_omat_mp_salex with O: Failed to load Equiformer model: No module named 'fairchem.core.common.relaxation'

============================================================
Extracting Equiformer latent vectors
Model: eqV2_86M_omat_mp_salex
Adsorbate: OH
============================================================

Loading task list from: /DATA/user_scratch/pn50212/2024/12_AtomAttention/datasets/25Cao/OH adsorption.json
Total structures: 4084

Initializing Equiformer extractor...
Failed for eqV2_86M_omat_mp_salex with OH: Failed to load Equiformer model: No module named 'fairchem.core.common.relaxation'

============================================================
Extracting Equiformer latent vectors
Model: eqV2_153M_omat_mp_salex
Adsorbate: O
============================================================

Loading task list from: /DATA/user_scratch/pn50212/2024/12_AtomAttention/datasets/25Cao/O adsorption.json
Total structures: 4084

Initializing Equiformer extractor...
Failed for eqV2_153M_omat_mp_salex with O: Failed to load Equiformer model: No module named 'fairchem.core.common.relaxation'

============================================================
Extracting Equiformer latent vectors
Model: eqV2_153M_omat_mp_salex
Adsorbate: OH
============================================================

Loading task list from: /DATA/user_scratch/pn50212/2024/12_AtomAttention/datasets/25Cao/OH adsorption.json
Total structures: 4084

Initializing Equiformer extractor...
Failed for eqV2_153M_omat_mp_salex with OH: Failed to load Equiformer model: No module named 'fairchem.core.common.relaxation'
Run time
85 sec
1.41667 min
0.0236111 hour
