n012.hpc
Wed Mar  4 11:13:23 PM KST 2026
Removing mkl version 2023.1.0
Use `module list` to view any remaining dependent modules.
Removing compiler version 2023.1.0
Use `module list` to view any remaining dependent modules.
  Load "debugger" to debug DPC++ applications with the gdb-oneapi debugger.
  Load "dpl" for additional DPC++ APIs: https://github.com/oneapi-src/oneDPL
Removing oclfpga version 2023.1.0
Use `module list` to view any remaining dependent modules.
Removing compiler-rt version 2023.1.0
Use `module list` to view any remaining dependent modules.

============================================================
Extracting MACE latent vectors
Model: mace_mh_0_omat
Adsorbate: O
============================================================

Loading task list from: /DATA/user_scratch/pn50212/2024/12_AtomAttention/datasets/25Cao/O_total_reorder.csv
Failed for mace_mh_0_omat with O: [Errno 2] No such file or directory: '/DATA/user_scratch/pn50212/2024/12_AtomAttention/datasets/25Cao/O_total_reorder.csv'

============================================================
Extracting MACE latent vectors
Model: mace_mh_0_omat
Adsorbate: OH
============================================================

Loading task list from: /DATA/user_scratch/pn50212/2024/12_AtomAttention/datasets/25Cao/OH_total_reorder.csv
Failed for mace_mh_0_omat with OH: [Errno 2] No such file or directory: '/DATA/user_scratch/pn50212/2024/12_AtomAttention/datasets/25Cao/OH_total_reorder.csv'

============================================================
Extracting MACE latent vectors
Model: mace_mh_0_oc20
Adsorbate: O
============================================================

Loading task list from: /DATA/user_scratch/pn50212/2024/12_AtomAttention/datasets/25Cao/O_total_reorder.csv
Failed for mace_mh_0_oc20 with O: [Errno 2] No such file or directory: '/DATA/user_scratch/pn50212/2024/12_AtomAttention/datasets/25Cao/O_total_reorder.csv'

============================================================
Extracting MACE latent vectors
Model: mace_mh_0_oc20
Adsorbate: OH
============================================================

Loading task list from: /DATA/user_scratch/pn50212/2024/12_AtomAttention/datasets/25Cao/OH_total_reorder.csv
Failed for mace_mh_0_oc20 with OH: [Errno 2] No such file or directory: '/DATA/user_scratch/pn50212/2024/12_AtomAttention/datasets/25Cao/OH_total_reorder.csv'
Run time
88 sec
1.46667 min
0.0244444 hour
